Copyright 1986-2022 Xilinx, Inc. All Rights Reserved. Copyright 2022-2026 Advanced Micro Devices, Inc. All Rights Reserved.
--------------------------------------------------------------------------------------------------------------------------------------------------
| Tool Version      : Vivado v.2025.2.1 (lin64) Build 6403652 Thu Mar 19 13:47:00 MDT 2026
| Date              : Mon Jul 20 22:22:29 2026
| Host              : adrian running 64-bit Ubuntu 24.04.4 LTS
| Command           : report_timing_summary -file /home/adrian/vhdl_repo/IP_Cores/NPU/syn/reportes_axi/timing.rpt
| Design            : npu_axi_top
| Device            : xcve2302-sfva784
| Speed File        : -1LP  PRODUCTION 2.04 2025-08-19
| Design State      : Synthesized
| Temperature Grade : E
--------------------------------------------------------------------------------------------------------------------------------------------------

Timing Summary Report

------------------------------------------------------------------------------------------------
| Timer Settings
| --------------
------------------------------------------------------------------------------------------------

  Enable Multi Corner Analysis               :  Yes
  Enable Pessimism Removal                   :  Yes
  Pessimism Removal Resolution               :  Nearest Common Node
  Enable Input Delay Default Clock           :  No
  Enable Preset / Clear Arcs                 :  No
  Disable Flight Delays                      :  No
  Ignore I/O Paths                           :  No
  Timing Early Launch at Borrowing Latches   :  No
  Borrow Time for Max Delay Exceptions       :  Yes
  Merge Timing Exceptions                    :  Yes
  Inter-SLR Compensation                     :  Conservative

  Corner  Analyze    Analyze    
  Name    Max Paths  Min Paths  
  ------  ---------  ---------  
  Slow    Yes        Yes        
  Fast    Yes        Yes        


------------------------------------------------------------------------------------------------
| Report Methodology
| ------------------
------------------------------------------------------------------------------------------------

No report available as report_methodology has not been run prior. Run report_methodology on the current design for the summary of methodology violations.



check_timing report

Table of Contents
-----------------
1. checking no_clock (0)
2. checking constant_clock (0)
3. checking pulse_width_clock (0)
4. checking unconstrained_internal_endpoints (0)
5. checking no_input_delay (136)
6. checking no_output_delay (166)
7. checking multiple_clock (0)
8. checking generated_clocks (0)
9. checking loops (0)
10. checking partial_input_delay (0)
11. checking partial_output_delay (0)
12. checking latch_loops (0)

1. checking no_clock (0)
------------------------
 There are 0 register/latch pins with no clock.


2. checking constant_clock (0)
------------------------------
 There are 0 register/latch pins with constant_clock.


3. checking pulse_width_clock (0)
---------------------------------
 There are 0 register/latch pins which need pulse_width check


4. checking unconstrained_internal_endpoints (0)
------------------------------------------------
 There are 0 pins that are not constrained for maximum delay.

 There are 0 pins that are not constrained for maximum delay due to constant clock.


5. checking no_input_delay (136)
--------------------------------
 There are 135 input ports with no input delay specified. (HIGH)

 There is 1 input port with no input delay but user has a false path constraint. (MEDIUM)


6. checking no_output_delay (166)
---------------------------------
 There are 166 ports with no output delay specified. (HIGH)

 There are 0 ports with no output delay but user has a false path constraint

 There are 0 ports with no output delay but with a timing clock defined on it or propagating through it


7. checking multiple_clock (0)
------------------------------
 There are 0 register/latch pins with multiple clocks.


8. checking generated_clocks (0)
--------------------------------
 There are 0 generated clocks that are not connected to a clock source.


9. checking loops (0)
---------------------
 There are 0 combinational loops in the design.


10. checking partial_input_delay (0)
------------------------------------
 There are 0 input ports with partial input delay specified.


11. checking partial_output_delay (0)
-------------------------------------
 There are 0 ports with partial output delay specified.


12. checking latch_loops (0)
----------------------------
 There are 0 combinational latch loops in the design through latch input



------------------------------------------------------------------------------------------------
| Design Timing Summary
| ---------------------
------------------------------------------------------------------------------------------------

    WNS(ns)      TNS(ns)  TNS Failing Endpoints  TNS Total Endpoints      WHS(ns)      THS(ns)  THS Failing Endpoints  THS Total Endpoints     WPWS(ns)     TPWS(ns)  TPWS Failing Endpoints  TPWS Total Endpoints  
    -------      -------  ---------------------  -------------------      -------      -------  ---------------------  -------------------     --------     --------  ----------------------  --------------------  
      1.640        0.000                      0               107450        0.015        0.000                      0               107450        4.286        0.000                       0                 50789  


All user specified timing constraints are met.


------------------------------------------------------------------------------------------------
| Clock Summary
| -------------
------------------------------------------------------------------------------------------------

Clock  Waveform(ns)       Period(ns)      Frequency(MHz)
-----  ------------       ----------      --------------
clk    {0.000 5.000}      10.000          100.000         


------------------------------------------------------------------------------------------------
| Intra Clock Table
| -----------------
------------------------------------------------------------------------------------------------

Clock             WNS(ns)      TNS(ns)  TNS Failing Endpoints  TNS Total Endpoints      WHS(ns)      THS(ns)  THS Failing Endpoints  THS Total Endpoints     WPWS(ns)     TPWS(ns)  TPWS Failing Endpoints  TPWS Total Endpoints  
-----             -------      -------  ---------------------  -------------------      -------      -------  ---------------------  -------------------     --------     --------  ----------------------  --------------------  
clk                 1.640        0.000                      0               107450        0.015        0.000                      0               107450        4.286        0.000                       0                 50789  


------------------------------------------------------------------------------------------------
| Inter Clock Table
| -----------------
------------------------------------------------------------------------------------------------

From Clock    To Clock          WNS(ns)      TNS(ns)  TNS Failing Endpoints  TNS Total Endpoints      WHS(ns)      THS(ns)  THS Failing Endpoints  THS Total Endpoints  
----------    --------          -------      -------  ---------------------  -------------------      -------      -------  ---------------------  -------------------  


------------------------------------------------------------------------------------------------
| Other Path Groups Table
| -----------------------
------------------------------------------------------------------------------------------------

Path Group    From Clock    To Clock          WNS(ns)      TNS(ns)  TNS Failing Endpoints  TNS Total Endpoints      WHS(ns)      THS(ns)  THS Failing Endpoints  THS Total Endpoints  
----------    ----------    --------          -------      -------  ---------------------  -------------------      -------      -------  ---------------------  -------------------  


------------------------------------------------------------------------------------------------
| Timing Details
| --------------
------------------------------------------------------------------------------------------------


---------------------------------------------------------------------------------------------------
From Clock:  clk
  To Clock:  clk

Setup :            0  Failing Endpoints,  Worst Slack        1.640ns,  Total Violation        0.000ns
Hold  :            0  Failing Endpoints,  Worst Slack        0.015ns,  Total Violation        0.000ns
PW    :            0  Failing Endpoints,  Worst Slack        4.286ns,  Total Violation        0.000ns
---------------------------------------------------------------------------------------------------


Max Delay Paths
--------------------------------------------------------------------------------------
Slack (MET) :             1.640ns  (required time - arrival time)
  Source:                 u_core/u_s2/fc_o_reg[1]/C
                            (rising edge-triggered cell FDRE clocked by clk  {rise@0.000ns fall@5.000ns period=10.000ns})
  Destination:            u_core/u_s2/lg_ram_reg_0_15_0_7/RAMD_D1/I
                            (rising edge-triggered cell RAMD32 clocked by clk  {rise@0.000ns fall@5.000ns period=10.000ns})
  Path Group:             clk
  Path Type:              Setup (Max at Slow Process Corner)
  Requirement:            10.000ns  (clk rise@10.000ns - clk rise@0.000ns)
  Data Path Delay:        7.893ns  (logic 5.354ns (67.832%)  route 2.539ns (32.168%))
  Logic Levels:           27  (DSP_A_B_DATA58=1 DSP_ALUADD=2 DSP_ALUMUX=2 DSP_M_DATA58=1 DSP_MULTIPLIER58=1 DSP_OUTPUT58=2 DSP_PREADD_DATA58=1 LOOKAHEAD8=6 LUT3=1 LUT6=2 LUTCY1=4 LUTCY2=4)
  Clock Path Skew:        0.017ns (DCD - SCD + CPR)
    Destination Clock Delay (DCD):    0.177ns = ( 10.177 - 10.000 ) 
    Source Clock Delay      (SCD):    0.160ns
    Clock Pessimism Removal (CPR):    0.000ns
  Clock Uncertainty:      0.300ns  (CJ)/2 + PE + PJ
    Clock Jitter             (CJ):    0.600ns
    Phase Error              (PE):    0.000ns
    Phase Jitter             (PJ):    0.000ns

    Location             Delay type                Incr(ns)  Path(ns)    Netlist Resource(s)
  -------------------------------------------------------------------    -------------------
                         (clock clk rise edge)        0.000     0.000 r  
                                                      0.000     0.000 r  clk (IN)
                         net (fo=50810, unset)        0.160     0.160    u_core/u_s2/clk
                         FDRE                                         r  u_core/u_s2/fc_o_reg[1]/C
  -------------------------------------------------------------------    -------------------
                         FDRE (Prop_FDRE_C_Q)         0.125     0.285 r  u_core/u_s2/fc_o_reg[1]/Q
                         net (fo=159, unplaced)       0.395     0.680    u_core/u_s2/fc_o[1]
                         LUT6 (Prop_LUT6_I2_O)        0.134     0.814 f  u_core/u_s2/p_0_out__12_i_56/O
                         net (fo=1, unplaced)         0.156     0.970    u_core/u_s2/p_0_out__12_i_56_n_0
                         LUT6 (Prop_LUT6_I3_O)        0.114     1.084 f  u_core/u_s2/p_0_out__12_i_17__0/O
                         net (fo=1, unplaced)         0.328     1.412    u_core/u_s2/p_0_out__12/DSP58C<0>_INST/A[6]
                         DSP_A_B_DATA58 (Prop_DSP_A_B_DATA58_A[6]_A2_DATA[6])
                                                      0.450     1.862 r  u_core/u_s2/p_0_out__12/DSP58C<0>_INST/DSP_A_B_DATA58_INST/A2_DATA[6]
                         net (fo=1, unplaced)         0.000     1.862    u_core/u_s2/p_0_out__12/DSP58C<0>_INST/DSP_A_B_DATA58.A2_DATA<6>
                         DSP_PREADD_DATA58 (Prop_DSP_PREADD_DATA58_A2_DATA[6]_A2A1[6])
                                                      0.203     2.065 r  u_core/u_s2/p_0_out__12/DSP58C<0>_INST/DSP_PREADD_DATA58_INST/A2A1[6]
                         net (fo=1, unplaced)         0.000     2.065    u_core/u_s2/p_0_out__12/DSP58C<0>_INST/DSP_PREADD_DATA58.A2A1<6>
                         DSP_MULTIPLIER58 (Prop_DSP_MULTIPLIER58_A2A1[6]_V[24])
                                                      0.623     2.688 r  u_core/u_s2/p_0_out__12/DSP58C<0>_INST/DSP_MULTIPLIER58_INST/V[24]
                         net (fo=1, unplaced)         0.000     2.688    u_core/u_s2/p_0_out__12/DSP58C<0>_INST/DSP_MULTIPLIER58.V<24>
                         DSP_M_DATA58 (Prop_DSP_M_DATA58_V[24]_V_DATA[24])
                                                      0.127     2.815 f  u_core/u_s2/p_0_out__12/DSP58C<0>_INST/DSP_M_DATA58_INST/V_DATA[24]
                         net (fo=1, unplaced)         0.000     2.815    u_core/u_s2/p_0_out__12/DSP58C<0>_INST/DSP_M_DATA58.V_DATA<24>
                         DSP_ALUMUX (Prop_DSP_ALUMUX_V_DATA[24]_Y[24])
                                                      0.099     2.914 r  u_core/u_s2/p_0_out__12/DSP58C<0>_INST/DSP_ALUMUX_INST/Y[24]
                         net (fo=1, unplaced)         0.000     2.914    u_core/u_s2/p_0_out__12/DSP58C<0>_INST/DSP_ALUMUX.Y<24>
                         DSP_ALUADD (Prop_DSP_ALUADD_Y[24]_ALU_OUT[24])
                                                      0.488     3.402 f  u_core/u_s2/p_0_out__12/DSP58C<0>_INST/DSP_ALUADD_INST/ALU_OUT[24]
                         net (fo=2, unplaced)         0.000     3.402    u_core/u_s2/p_0_out__12/DSP58C<0>_INST/DSP_ALUADD.ALU_OUT<24>
                         DSP_OUTPUT58 (Prop_DSP_OUTPUT58_ALU_OUT[24]_PCOUT[24])
                                                      0.213     3.615 r  u_core/u_s2/p_0_out__12/DSP58C<0>_INST/DSP_OUTPUT58_INST/PCOUT[24]
                         net (fo=1, unplaced)         0.051     3.666    u_core/u_s2/p_0_out__13/DSP58C<0>_INST/PCIN[24]
                         DSP_ALUMUX (Prop_DSP_ALUMUX_PCIN[24]_Z[1])
                                                      0.142     3.808 r  u_core/u_s2/p_0_out__13/DSP58C<0>_INST/DSP_ALUMUX_INST/Z[1]
                         net (fo=1, unplaced)         0.000     3.808    u_core/u_s2/p_0_out__13/DSP58C<0>_INST/DSP_ALUMUX.Z<1>
                         DSP_ALUADD (Prop_DSP_ALUADD_Z[1]_ALU_OUT[1])
                                                      0.504     4.312 f  u_core/u_s2/p_0_out__13/DSP58C<0>_INST/DSP_ALUADD_INST/ALU_OUT[1]
                         net (fo=2, unplaced)         0.000     4.312    u_core/u_s2/p_0_out__13/DSP58C<0>_INST/DSP_ALUADD.ALU_OUT<1>
                         DSP_OUTPUT58 (Prop_DSP_OUTPUT58_ALU_OUT[1]_P[1])
                                                      0.295     4.607 r  u_core/u_s2/p_0_out__13/DSP58C<0>_INST/DSP_OUTPUT58_INST/P[1]
                         net (fo=2, unplaced)         0.276     4.883    u_core/u_s2/lg_ram_reg_0_15_0_7_i_114/I2
                         LUTCY1 (Prop_LUTCY1_I2_PROP)
                                                      0.122     5.005 r  u_core/u_s2/lg_ram_reg_0_15_0_7_i_114/LUTCY1_INST/PROP
                         net (fo=1, unplaced)         0.002     5.007    u_core/u_s2/lg_ram_reg_0_15_0_7_i_114_n_3
                         LOOKAHEAD8 (Prop_LOOKAHEAD8_PROPC_COUTH)
                                                      0.243     5.250 r  u_core/u_s2/lg_ram_reg_0_15_0_7_i_79/COUTH
                         net (fo=3, unplaced)         0.092     5.342    u_core/u_s2/lg_ram_reg_0_15_0_7_i_51/I4
                         LUTCY2 (Prop_LUTCY2_I4_O)    0.072     5.414 r  u_core/u_s2/lg_ram_reg_0_15_0_7_i_51/LUTCY2_INST/O
                         net (fo=3, unplaced)         0.022     5.436    u_core/u_s2/lg_ram_reg_0_15_0_7_i_28/I4
                         LUTCY1 (Prop_LUTCY1_I4_O)    0.076     5.512 r  u_core/u_s2/lg_ram_reg_0_15_0_7_i_28/LUTCY1_INST/O
                         net (fo=2, unplaced)         0.234     5.746    u_core/u_s2/lg_ram_reg_0_15_0_7_i_17/I3
                         LUTCY1 (Prop_LUTCY1_I3_PROP)
                                                      0.103     5.849 r  u_core/u_s2/lg_ram_reg_0_15_0_7_i_17/LUTCY1_INST/PROP
                         net (fo=1, unplaced)         0.002     5.851    u_core/u_s2/lg_ram_reg_0_15_0_7_i_17_n_3
                         LOOKAHEAD8 (Prop_LOOKAHEAD8_PROPC_COUTH)
                                                      0.243     6.094 r  u_core/u_s2/lg_ram_reg_0_15_0_7_i_29/COUTH
                         net (fo=3, unplaced)         0.092     6.186    u_core/u_s2/lg_ram_reg_0_15_0_7_i_23/I4
                         LUTCY2 (Prop_LUTCY2_I4_O)    0.072     6.258 r  u_core/u_s2/lg_ram_reg_0_15_0_7_i_23/LUTCY2_INST/O
                         net (fo=3, unplaced)         0.022     6.280    u_core/u_s2/lg_ram_reg_0_15_0_7_i_181/I4
                         LUTCY1 (Prop_LUTCY1_I4_O)    0.076     6.356 f  u_core/u_s2/lg_ram_reg_0_15_0_7_i_181/LUTCY1_INST/O
                         net (fo=4, unplaced)         0.360     6.716    u_core/u_s2/lg_ram_reg_0_15_0_7_i_148/I2
                         LUTCY2 (Prop_LUTCY2_I2_GE)
                                                      0.134     6.850 r  u_core/u_s2/lg_ram_reg_0_15_0_7_i_148/LUTCY2_INST/GE
                         net (fo=1, unplaced)         0.043     6.893    u_core/u_s2/lg_ram_reg_0_15_0_7_i_148_n_0
                         LOOKAHEAD8 (Prop_LOOKAHEAD8_GEA_COUTH)
                                                      0.349     7.242 r  u_core/u_s2/lg_ram_reg_0_15_0_7_i_103/COUTH
                         net (fo=3, unplaced)         0.002     7.244    u_core/u_s2/lg_ram_reg_0_15_0_7_i_103_n_3
                         LOOKAHEAD8 (Prop_LOOKAHEAD8_CIN_COUTH)
                                                      0.053     7.297 r  u_core/u_s2/lg_ram_reg_0_15_0_7_i_70/COUTH
                         net (fo=3, unplaced)         0.002     7.299    u_core/u_s2/lg_ram_reg_0_15_0_7_i_70_n_3
                         LOOKAHEAD8 (Prop_LOOKAHEAD8_CIN_COUTH)
                                                      0.053     7.352 r  u_core/u_s2/lg_ram_reg_0_15_0_7_i_45/COUTH
                         net (fo=3, unplaced)         0.002     7.354    u_core/u_s2/lg_ram_reg_0_15_0_7_i_45_n_3
                         LOOKAHEAD8 (Prop_LOOKAHEAD8_CIN_COUTD)
                                                      0.060     7.414 r  u_core/u_s2/lg_ram_reg_0_15_0_7_i_26/COUTD
                         net (fo=2, unplaced)         0.014     7.428    u_core/u_s2/lg_ram_reg_0_15_0_7_i_15/I4
                         LUTCY2 (Prop_LUTCY2_I4_O)    0.067     7.495 r  u_core/u_s2/lg_ram_reg_0_15_0_7_i_15/LUTCY2_INST/O
                         net (fo=9, unplaced)         0.187     7.682    u_core/u_s2/lg_ram_reg_0_15_0_7_i_15_n_2
                         LUT3 (Prop_LUT3_I0_O)        0.114     7.796 r  u_core/u_s2/lg_ram_reg_0_15_0_7_i_8/O
                         net (fo=1, unplaced)         0.257     8.053    u_core/u_s2/lg_ram_reg_0_15_0_7/DID1
                         RAMD32                                       r  u_core/u_s2/lg_ram_reg_0_15_0_7/RAMD_D1/I
  -------------------------------------------------------------------    -------------------

                         (clock clk rise edge)       10.000    10.000 r  
                                                      0.000    10.000 r  clk (IN)
                         net (fo=50810, unset)        0.177    10.177    u_core/u_s2/lg_ram_reg_0_15_0_7/WCLK
                         RAMD32                                       r  u_core/u_s2/lg_ram_reg_0_15_0_7/RAMD_D1/CLK
                         clock pessimism              0.000    10.177    
                         clock uncertainty           -0.300     9.877    
                         RAMD32 (Setup_RAMD32_CLK_I)
                                                     -0.184     9.693    u_core/u_s2/lg_ram_reg_0_15_0_7/RAMD_D1
  -------------------------------------------------------------------
                         required time                          9.693    
                         arrival time                          -8.053    
  -------------------------------------------------------------------
                         slack                                  1.640    





Min Delay Paths
--------------------------------------------------------------------------------------
Slack (MET) :             0.015ns  (arrival time - required time)
  Source:                 u_slv/FSM_onehot_wstate_reg[2]/C
                            (rising edge-triggered cell FDRE clocked by clk  {rise@0.000ns fall@5.000ns period=10.000ns})
  Destination:            u_slv/FSM_onehot_wstate_reg[0]/D
                            (rising edge-triggered cell FDSE clocked by clk  {rise@0.000ns fall@5.000ns period=10.000ns})
  Path Group:             clk
  Path Type:              Hold (Min at Slow Process Corner)
  Requirement:            0.000ns  (clk rise@0.000ns - clk rise@0.000ns)
  Data Path Delay:        0.269ns  (logic 0.089ns (33.086%)  route 0.180ns (66.914%))
  Logic Levels:           0  
  Clock Path Skew:        0.203ns (DCD - SCD - CPR)
    Destination Clock Delay (DCD):    0.307ns
    Source Clock Delay      (SCD):    0.104ns
    Clock Pessimism Removal (CPR):    -0.000ns

    Location             Delay type                Incr(ns)  Path(ns)    Netlist Resource(s)
  -------------------------------------------------------------------    -------------------
                         (clock clk rise edge)        0.000     0.000 r  
                                                      0.000     0.000 r  clk (IN)
                         net (fo=50810, unset)        0.104     0.104    u_slv/clk
                         FDRE                                         r  u_slv/FSM_onehot_wstate_reg[2]/C
  -------------------------------------------------------------------    -------------------
                         FDRE (Prop_FDRE_C_Q)         0.089     0.193 r  u_slv/FSM_onehot_wstate_reg[2]/Q
                         net (fo=3, unplaced)         0.180     0.373    u_slv/FSM_onehot_wstate_reg_n_0_[2]
                         FDSE                                         r  u_slv/FSM_onehot_wstate_reg[0]/D
  -------------------------------------------------------------------    -------------------

                         (clock clk rise edge)        0.000     0.000 r  
                                                      0.000     0.000 r  clk (IN)
                         net (fo=50810, unset)        0.307     0.307    u_slv/clk
                         FDSE                                         r  u_slv/FSM_onehot_wstate_reg[0]/C
                         clock pessimism              0.000     0.307    
                         FDSE (Hold_FDSE_C_D)         0.051     0.358    u_slv/FSM_onehot_wstate_reg[0]
  -------------------------------------------------------------------
                         required time                         -0.358    
                         arrival time                           0.373    
  -------------------------------------------------------------------
                         slack                                  0.015    





Pulse Width Checks
--------------------------------------------------------------------------------------
Clock Name:         clk
Waveform(ns):       { 0.000 5.000 }
Period(ns):         10.000
Sources:            { clk }

Check Type        Corner  Lib Pin                  Reference Pin  Required(ns)  Actual(ns)  Slack(ns)  Location  Pin
Min Period        n/a     RAMB36E5_INT/CLKARDCLKL  n/a            1.961         10.000      8.039                u_core/u_s2/w3_ram_reg_bram_0/CLKARDCLKL
Low Pulse Width   Slow    RAMD64E5/CLK             n/a            0.714         5.000       4.286                u_core/u_s1/img_ram_reg_0_63_0_6/RAMA/RAMD64_INST/CLK
High Pulse Width  Slow    RAMD64E5/CLK             n/a            0.714         5.000       4.286                u_core/u_s1/img_ram_reg_0_63_0_6/RAMA/RAMD64_INST/CLK



